;  LST file generated by mikroListExporter - v.2.0 
; Date/Time: 11/1/2017 8:42:16 AM
;----------------------------------------------

;Address Opcode 	ASM
0x0000	0x285C      	GOTO       92
_Delay_500us:
;__Lib_Delays.c,27 :: 		void Delay_500us() {
;__Lib_Delays.c,28 :: 		Delay_us(498);
0x0003	0x3002      	MOVLW      2
0x0004	0x1283      	BCF        STATUS, 5
0x0005	0x1303      	BCF        STATUS, 6
0x0006	0x00FC      	MOVWF      R12
0x0007	0x3049      	MOVLW      73
0x0008	0x00FD      	MOVWF      R13
L_Delay_500us4:
0x0009	0x0BFD      	DECFSZ     R13, 1
0x000A	0x2809      	GOTO       L_Delay_500us4
0x000B	0x0BFC      	DECFSZ     R12, 1
0x000C	0x2809      	GOTO       L_Delay_500us4
0x000D	0x0000      	NOP
0x000E	0x0000      	NOP
;__Lib_Delays.c,29 :: 		}
L_end_Delay_500us:
0x000F	0x0008      	RETURN
; end of _Delay_500us
_____DoICP:
;__Lib_System.c,6 :: 		
;__Lib_System.c,9 :: 		
0x0010	0x1283      	BCF        STATUS, 5
0x0011	0x1303      	BCF        STATUS, 6
0x0012	0x0822      	MOVF       ___DoICPAddr+1, 0
0x0013	0x008A      	MOVWF      PCLATH
;__Lib_System.c,10 :: 		
0x0014	0x0821      	MOVF       ___DoICPAddr, 0
0x0015	0x0082      	MOVWF      PCL
;__Lib_System.c,12 :: 		
L_end_____DoICP:
0x0016	0x0008      	RETURN
; end of _____DoICP
___CC2DW:
;__Lib_System.c,134 :: 		
;__Lib_System.c,137 :: 		
_CC2D_Loop1:
;__Lib_System.c,139 :: 		
0x0017	0x2010      	CALL       _____DoICP
0x0018	0x118A      	BCF        PCLATH, 3
0x0019	0x120A      	BCF        PCLATH, 4
;__Lib_System.c,141 :: 		
0x001A	0x0080      	MOVWF      INDF
;__Lib_System.c,142 :: 		
0x001B	0x0A84      	INCF       FSR, 1
;__Lib_System.c,143 :: 		
0x001C	0x0AA1      	INCF       ___DoICPAddr, 1
;__Lib_System.c,145 :: 		
0x001D	0x1903      	BTFSC      STATUS, 2
;__Lib_System.c,146 :: 		
0x001E	0x0AA2      	INCF       ___DoICPAddr+1, 1
;__Lib_System.c,147 :: 		
0x001F	0x03F0      	DECF       R0, 1
;__Lib_System.c,149 :: 		
0x0020	0x1D03      	BTFSS      STATUS, 2
;__Lib_System.c,150 :: 		
0x0021	0x2817      	GOTO       _CC2D_Loop1
;__Lib_System.c,152 :: 		
L_end___CC2DW:
0x0022	0x0008      	RETURN
; end of ___CC2DW
_Button:
;__Lib_Button.c,6 :: 		
;__Lib_Button.c,8 :: 		
0x0023	0x1283      	BCF        STATUS, 5
0x0024	0x1303      	BCF        STATUS, 6
0x0025	0x01A8      	CLRF       Button_rslt_L0
;__Lib_Button.c,11 :: 		
0x0026	0x0824      	MOVF       FARG_Button_pin, 0
0x0027	0x00F1      	MOVWF      R1
0x0028	0x3001      	MOVLW      1
0x0029	0x00F0      	MOVWF      R0
0x002A	0x0871      	MOVF       R1, 0
L__Button5:
0x002B	0x1903      	BTFSC      STATUS, 2
0x002C	0x2831      	GOTO       L__Button6
0x002D	0x0DF0      	RLF        R0, 1
0x002E	0x1070      	BCF        R0, 0
0x002F	0x3EFF      	ADDLW      255
0x0030	0x282B      	GOTO       L__Button5
L__Button6:
0x0031	0x0870      	MOVF       R0, 0
0x0032	0x00A7      	MOVWF      Button_pMask_L0
;__Lib_Button.c,13 :: 		
0x0033	0x0823      	MOVF       FARG_Button_port, 0
0x0034	0x0084      	MOVWF      FSR
0x0035	0x0870      	MOVF       R0, 0
0x0036	0x0500      	ANDWF      INDF, 0
0x0037	0x00F1      	MOVWF      R1
0x0038	0x0871      	MOVF       R1, 0
0x0039	0x3001      	MOVLW      1
0x003A	0x1D03      	BTFSS      STATUS, 2
0x003B	0x3000      	MOVLW      0
0x003C	0x00F0      	MOVWF      R0
0x003D	0x0826      	MOVF       FARG_Button_active_state, 0
0x003E	0x06F0      	XORWF      R0, 1
0x003F	0x1903      	BTFSC      STATUS, 2
0x0040	0x2859      	GOTO       L_Button0
;__Lib_Button.c,15 :: 		
L_Button1:
0x0041	0x0825      	MOVF       FARG_Button_time_ms, 0
0x0042	0x3C00      	SUBLW      0
0x0043	0x1803      	BTFSC      STATUS, 0
0x0044	0x2849      	GOTO       L_Button2
;__Lib_Button.c,16 :: 		
0x0045	0x2003      	CALL       _Delay_500us
;__Lib_Button.c,17 :: 		
0x0046	0x2003      	CALL       _Delay_500us
;__Lib_Button.c,18 :: 		
0x0047	0x03A5      	DECF       FARG_Button_time_ms, 1
;__Lib_Button.c,19 :: 		
0x0048	0x2841      	GOTO       L_Button1
L_Button2:
;__Lib_Button.c,21 :: 		
0x0049	0x0823      	MOVF       FARG_Button_port, 0
0x004A	0x0084      	MOVWF      FSR
0x004B	0x0827      	MOVF       Button_pMask_L0, 0
0x004C	0x0500      	ANDWF      INDF, 0
0x004D	0x00F1      	MOVWF      R1
0x004E	0x0871      	MOVF       R1, 0
0x004F	0x3001      	MOVLW      1
0x0050	0x1D03      	BTFSS      STATUS, 2
0x0051	0x3000      	MOVLW      0
0x0052	0x00F0      	MOVWF      R0
0x0053	0x0826      	MOVF       FARG_Button_active_state, 0
0x0054	0x06F0      	XORWF      R0, 1
0x0055	0x1903      	BTFSC      STATUS, 2
0x0056	0x2859      	GOTO       L_Button3
;__Lib_Button.c,22 :: 		
0x0057	0x30FF      	MOVLW      255
0x0058	0x00A8      	MOVWF      Button_rslt_L0
L_Button3:
;__Lib_Button.c,23 :: 		
L_Button0:
;__Lib_Button.c,25 :: 		
0x0059	0x0828      	MOVF       Button_rslt_L0, 0
0x005A	0x00F0      	MOVWF      R0
;__Lib_Button.c,26 :: 		
L_end_Button:
0x005B	0x0008      	RETURN
; end of _Button
_main:
0x005C	0x1283      	BCF        STATUS, 5
0x005D	0x1303      	BCF        STATUS, 6
0x005E	0x01A0      	CLRF       _i
;PARCIAL.c,2 :: 		void main()      {
;PARCIAL.c,3 :: 		TRISB0_bit = 1;    // S1
0x005F	0x1683      	BSF        STATUS, 5
0x0060	0x1406      	BSF        TRISB0_bit, BitPos(TRISB0_bit+0)
;PARCIAL.c,4 :: 		TRISB1_bit = 1;    // S2
0x0061	0x1486      	BSF        TRISB1_bit, BitPos(TRISB1_bit+0)
;PARCIAL.c,5 :: 		TRISB2_bit = 0;    // Motor
0x0062	0x1106      	BCF        TRISB2_bit, BitPos(TRISB2_bit+0)
;PARCIAL.c,6 :: 		TRISB3_bit = 0;    // Tolba B1 A
0x0063	0x1186      	BCF        TRISB3_bit, BitPos(TRISB3_bit+0)
;PARCIAL.c,7 :: 		TRISB4_bit = 0;    // Barra B2
0x0064	0x1206      	BCF        TRISB4_bit, BitPos(TRISB4_bit+0)
;PARCIAL.c,9 :: 		TRISD = 0x00;
0x0065	0x0188      	CLRF       TRISD
;PARCIAL.c,10 :: 		TRISC = 0X00;
0x0066	0x0187      	CLRF       TRISC
;PARCIAL.c,12 :: 		PORTB = 0B00000100;
0x0067	0x3004      	MOVLW      4
0x0068	0x1283      	BCF        STATUS, 5
0x0069	0x0086      	MOVWF      PORTB
;PARCIAL.c,13 :: 		PORTD = 0B00000000;
0x006A	0x0188      	CLRF       PORTD
;PARCIAL.c,14 :: 		PORTC = 0B00000000;
0x006B	0x0187      	CLRF       PORTC
;PARCIAL.c,17 :: 		do {
L_main0:
;PARCIAL.c,18 :: 		if (Button(&PORTB, 0, 1, 1)){
0x006C	0x3006      	MOVLW      PORTB
0x006D	0x00A3      	MOVWF      FARG_Button_port
0x006E	0x01A4      	CLRF       FARG_Button_pin
0x006F	0x3001      	MOVLW      1
0x0070	0x00A5      	MOVWF      FARG_Button_time_ms
0x0071	0x3001      	MOVLW      1
0x0072	0x00A6      	MOVWF      FARG_Button_active_state
0x0073	0x2023      	CALL       _Button
0x0074	0x0870      	MOVF       R0, 0
0x0075	0x1903      	BTFSC      STATUS, 2
0x0076	0x28DC      	GOTO       L_main3
;PARCIAL.c,19 :: 		TRISB2_bit = 0;
0x0077	0x1683      	BSF        STATUS, 5
0x0078	0x1106      	BCF        TRISB2_bit, BitPos(TRISB2_bit+0)
;PARCIAL.c,20 :: 		TRISB3_bit = 0;
0x0079	0x1186      	BCF        TRISB3_bit, BitPos(TRISB3_bit+0)
;PARCIAL.c,22 :: 		if (Button(&PORTB, 1, 1, 1)){
0x007A	0x3006      	MOVLW      PORTB
0x007B	0x1283      	BCF        STATUS, 5
0x007C	0x00A3      	MOVWF      FARG_Button_port
0x007D	0x3001      	MOVLW      1
0x007E	0x00A4      	MOVWF      FARG_Button_pin
0x007F	0x3001      	MOVLW      1
0x0080	0x00A5      	MOVWF      FARG_Button_time_ms
0x0081	0x3001      	MOVLW      1
0x0082	0x00A6      	MOVWF      FARG_Button_active_state
0x0083	0x2023      	CALL       _Button
0x0084	0x0870      	MOVF       R0, 0
0x0085	0x1903      	BTFSC      STATUS, 2
0x0086	0x28DC      	GOTO       L_main4
;PARCIAL.c,24 :: 		for (i = 0 ; i<10 ;i++){
0x0087	0x01A0      	CLRF       _i
L_main5:
0x0088	0x300A      	MOVLW      10
0x0089	0x0220      	SUBWF      _i, 0
0x008A	0x1803      	BTFSC      STATUS, 0
0x008B	0x28DC      	GOTO       L_main6
;PARCIAL.c,25 :: 		i = trisb1_bit;
0x008C	0x3000      	MOVLW      0
0x008D	0x1683      	BSF        STATUS, 5
0x008E	0x1886      	BTFSC      TRISB1_bit, BitPos(TRISB1_bit+0)
0x008F	0x3001      	MOVLW      1
0x0090	0x1283      	BCF        STATUS, 5
0x0091	0x00A0      	MOVWF      _i
;PARCIAL.c,27 :: 		if (i == 1){
0x0092	0x0820      	MOVF       _i, 0
0x0093	0x3A01      	XORLW      1
0x0094	0x1D03      	BTFSS      STATUS, 2
0x0095	0x289A      	GOTO       L_main8
;PARCIAL.c,28 :: 		PORTC = 0B00000110;
0x0096	0x3006      	MOVLW      6
0x0097	0x0087      	MOVWF      PORTC
;PARCIAL.c,29 :: 		PORTD = 0B00111111;
0x0098	0x303F      	MOVLW      63
0x0099	0x0088      	MOVWF      PORTD
;PARCIAL.c,30 :: 		}
L_main8:
;PARCIAL.c,31 :: 		if (i == 2){
0x009A	0x0820      	MOVF       _i, 0
0x009B	0x3A02      	XORLW      2
0x009C	0x1D03      	BTFSS      STATUS, 2
0x009D	0x28A2      	GOTO       L_main9
;PARCIAL.c,32 :: 		PORTC = 0B11011011;
0x009E	0x30DB      	MOVLW      219
0x009F	0x0087      	MOVWF      PORTC
;PARCIAL.c,33 :: 		PORTD = 0B00111111;
0x00A0	0x303F      	MOVLW      63
0x00A1	0x0088      	MOVWF      PORTD
;PARCIAL.c,34 :: 		}
L_main9:
;PARCIAL.c,35 :: 		if (i == 3){
0x00A2	0x0820      	MOVF       _i, 0
0x00A3	0x3A03      	XORLW      3
0x00A4	0x1D03      	BTFSS      STATUS, 2
0x00A5	0x28AA      	GOTO       L_main10
;PARCIAL.c,36 :: 		PORTC = 0B11001111;
0x00A6	0x30CF      	MOVLW      207
0x00A7	0x0087      	MOVWF      PORTC
;PARCIAL.c,37 :: 		PORTD = 0B00111111;
0x00A8	0x303F      	MOVLW      63
0x00A9	0x0088      	MOVWF      PORTD
;PARCIAL.c,38 :: 		}
L_main10:
;PARCIAL.c,39 :: 		if (i == 4){
0x00AA	0x0820      	MOVF       _i, 0
0x00AB	0x3A04      	XORLW      4
0x00AC	0x1D03      	BTFSS      STATUS, 2
0x00AD	0x28B2      	GOTO       L_main11
;PARCIAL.c,40 :: 		PORTC = 0B11100110;
0x00AE	0x30E6      	MOVLW      230
0x00AF	0x0087      	MOVWF      PORTC
;PARCIAL.c,41 :: 		PORTD = 0B00111111;
0x00B0	0x303F      	MOVLW      63
0x00B1	0x0088      	MOVWF      PORTD
;PARCIAL.c,42 :: 		}
L_main11:
;PARCIAL.c,43 :: 		if (i == 5){
0x00B2	0x0820      	MOVF       _i, 0
0x00B3	0x3A05      	XORLW      5
0x00B4	0x1D03      	BTFSS      STATUS, 2
0x00B5	0x28BA      	GOTO       L_main12
;PARCIAL.c,44 :: 		PORTC = 0B101101101;
0x00B6	0x306D      	MOVLW      109
0x00B7	0x0087      	MOVWF      PORTC
;PARCIAL.c,45 :: 		PORTD = 0B00111111;
0x00B8	0x303F      	MOVLW      63
0x00B9	0x0088      	MOVWF      PORTD
;PARCIAL.c,46 :: 		}
L_main12:
;PARCIAL.c,47 :: 		if (i == 6){
0x00BA	0x0820      	MOVF       _i, 0
0x00BB	0x3A06      	XORLW      6
0x00BC	0x1D03      	BTFSS      STATUS, 2
0x00BD	0x28C2      	GOTO       L_main13
;PARCIAL.c,48 :: 		PORTC = 0B00000110;
0x00BE	0x3006      	MOVLW      6
0x00BF	0x0087      	MOVWF      PORTC
;PARCIAL.c,49 :: 		PORTD = 0B00111111;
0x00C0	0x303F      	MOVLW      63
0x00C1	0x0088      	MOVWF      PORTD
;PARCIAL.c,50 :: 		}
L_main13:
;PARCIAL.c,51 :: 		if (i == 7){
0x00C2	0x0820      	MOVF       _i, 0
0x00C3	0x3A07      	XORLW      7
0x00C4	0x1D03      	BTFSS      STATUS, 2
0x00C5	0x28CA      	GOTO       L_main14
;PARCIAL.c,52 :: 		PORTC = 0B11011011;
0x00C6	0x30DB      	MOVLW      219
0x00C7	0x0087      	MOVWF      PORTC
;PARCIAL.c,53 :: 		PORTD = 0B00111111;
0x00C8	0x303F      	MOVLW      63
0x00C9	0x0088      	MOVWF      PORTD
;PARCIAL.c,54 :: 		}
L_main14:
;PARCIAL.c,55 :: 		if (i == 8){
0x00CA	0x0820      	MOVF       _i, 0
0x00CB	0x3A08      	XORLW      8
0x00CC	0x1D03      	BTFSS      STATUS, 2
0x00CD	0x28D2      	GOTO       L_main15
;PARCIAL.c,56 :: 		PORTC = 0B11001111;
0x00CE	0x30CF      	MOVLW      207
0x00CF	0x0087      	MOVWF      PORTC
;PARCIAL.c,57 :: 		PORTD = 0B00111111;
0x00D0	0x303F      	MOVLW      63
0x00D1	0x0088      	MOVWF      PORTD
;PARCIAL.c,58 :: 		}
L_main15:
;PARCIAL.c,59 :: 		if (i == 9){
0x00D2	0x0820      	MOVF       _i, 0
0x00D3	0x3A09      	XORLW      9
0x00D4	0x1D03      	BTFSS      STATUS, 2
0x00D5	0x28DA      	GOTO       L_main16
;PARCIAL.c,60 :: 		PORTC = 0B11100110;
0x00D6	0x30E6      	MOVLW      230
0x00D7	0x0087      	MOVWF      PORTC
;PARCIAL.c,61 :: 		PORTD = 0B00111111;
0x00D8	0x303F      	MOVLW      63
0x00D9	0x0088      	MOVWF      PORTD
;PARCIAL.c,62 :: 		}
L_main16:
;PARCIAL.c,24 :: 		for (i = 0 ; i<10 ;i++){
0x00DA	0x0AA0      	INCF       _i, 1
;PARCIAL.c,63 :: 		}
0x00DB	0x2888      	GOTO       L_main5
L_main6:
;PARCIAL.c,64 :: 		}
L_main4:
;PARCIAL.c,65 :: 		}
L_main3:
;PARCIAL.c,66 :: 		}while(1);
0x00DC	0x286C      	GOTO       L_main0
;PARCIAL.c,67 :: 		}
L_end_main:
0x00DD	0x28DD      	GOTO       $+0
; end of _main
Symbol List:
//** Routines locations **
//ADDRESS    SIZE    PROCEDURE
//----------------------------------------------
0x0003      [13]    _Delay_500us
0x0010       [7]    _____DoICP
0x0017      [12]    ___CC2DW
0x0023      [57]    _Button
0x005C     [130]    _main
//** Variables locations ** 
//ADDRESS    SIZE    VARIABLE
//----------------------------------------------
0x0000       [1]    INDF
0x0002       [1]    PCL
0x0003       [1]    STATUS
0x0004       [1]    FSR
0x0006       [1]    PORTB
0x0007       [1]    PORTC
0x0008       [1]    PORTD
0x000A       [1]    PCLATH
0x0020       [1]    _i
0x0021       [2]    ___DoICPAddr
0x0023       [1]    FARG_Button_port
0x0024       [1]    FARG_Button_pin
0x0025       [1]    FARG_Button_time_ms
0x0026       [1]    FARG_Button_active_state
0x0027       [1]    Button_pMask_L0
0x0028       [1]    Button_rslt_L0
0x0070       [1]    R0
0x0071       [1]    R1
0x0072       [1]    R2
0x0073       [1]    R3
0x0074       [1]    R4
0x0075       [1]    R5
0x0076       [1]    R6
0x0077       [1]    R7
0x0078       [1]    R8
0x0079       [1]    R9
0x007A       [1]    R10
0x007B       [1]    R11
0x007C       [1]    R12
0x007D       [1]    R13
0x007E       [1]    R14
0x007F       [1]    R15
0x0086       [0]    TRISB3_bit
0x0086       [0]    TRISB4_bit
0x0086       [0]    TRISB2_bit
0x0086       [0]    TRISB0_bit
0x0086       [0]    TRISB1_bit
0x0087       [1]    TRISC
0x0088       [1]    TRISD
